<?xml version="1.0" encoding="utf-8"?>
<TestRun id="06aaed22-8235-4f44-9a16-3cc98c86f726" name="DESKTOP-A9M0I49$@DESKTOP-A9M0I49 2024-08-28 21:16:09" runUser="NT AUTHORITY\СИСТЕМА" xmlns="http://microsoft.com/schemas/VisualStudio/TeamTest/2010">
  <Times creation="2024-08-28T21:16:09.6468525+03:00" queuing="2024-08-28T21:16:09.6468532+03:00" start="2024-08-28T21:16:07.5918779+03:00" finish="2024-08-28T21:16:16.2352225+03:00" />
  <TestSettings name="default" id="22d69e75-4051-4d49-a21f-e9a622a7d156">
    <Deployment runDeploymentRoot="DESKTOP-A9M0I49$_DESKTOP-A9M0I49_2024-08-28_21_16_09" />
  </TestSettings>
  <Results>
    <UnitTestResult executionId="ef205098-bceb-472a-b859-dee89f0ec951" testId="6bb63e11-0733-2543-92b0-f3768c938c36" testName="GetDelayedResponseTest" computerName="DESKTOP-A9M0I49" duration="00:00:03.4945580" startTime="2024-08-28T21:16:09.1147248+03:00" endTime="2024-08-28T21:16:12.6092816+03:00" testType="13cdc9d9-ddb5-4fa4-a97d-d965ccfc6d4b" outcome="Passed" testListId="8c84fa94-04c1-424b-9868-57a2d4851a1d" relativeResultsDirectory="ef205098-bceb-472a-b859-dee89f0ec951" />
    <UnitTestResult executionId="78474205-77a0-478b-a386-8b79fc18dfd3" testId="a7c53f27-7363-0ee3-53af-18104a03d054" testName="GetUserTest" computerName="DESKTOP-A9M0I49" duration="00:00:00.1577740" startTime="2024-08-28T21:16:14.2541105+03:00" endTime="2024-08-28T21:16:14.4118841+03:00" testType="13cdc9d9-ddb5-4fa4-a97d-d965ccfc6d4b" outcome="Passed" testListId="8c84fa94-04c1-424b-9868-57a2d4851a1d" relativeResultsDirectory="78474205-77a0-478b-a386-8b79fc18dfd3" />
    <UnitTestResult executionId="0d837247-c1b1-4710-b408-97c9d0e14469" testId="baee6a84-02a9-3677-748b-1a5cd6e627b9" testName="GetSingleResourceTest" computerName="DESKTOP-A9M0I49" duration="00:00:00.4410490" startTime="2024-08-28T21:16:13.5607135+03:00" endTime="2024-08-28T21:16:14.0017618+03:00" testType="13cdc9d9-ddb5-4fa4-a97d-d965ccfc6d4b" outcome="Passed" testListId="8c84fa94-04c1-424b-9868-57a2d4851a1d" relativeResultsDirectory="0d837247-c1b1-4710-b408-97c9d0e14469" />
    <UnitTestResult executionId="aae29db5-c321-41c1-aac3-c3aefe57c7c7" testId="c116292d-73bb-d76b-aa91-b552e61e9598" testName="GetListResourceTest" computerName="DESKTOP-A9M0I49" duration="00:00:00.3423970" startTime="2024-08-28T21:16:12.6093646+03:00" endTime="2024-08-28T21:16:12.9517611+03:00" testType="13cdc9d9-ddb5-4fa4-a97d-d965ccfc6d4b" outcome="Passed" testListId="8c84fa94-04c1-424b-9868-57a2d4851a1d" relativeResultsDirectory="aae29db5-c321-41c1-aac3-c3aefe57c7c7" />
    <UnitTestResult executionId="1d263588-6891-4389-89f4-460d60d9d32b" testId="830fdfe5-c9b1-f5c7-cc79-d4bdbc25225e" testName="PostRegisterSuccessfulTest" computerName="DESKTOP-A9M0I49" duration="00:00:00.2784580" startTime="2024-08-28T21:16:15.3106413+03:00" endTime="2024-08-28T21:16:15.5890981+03:00" testType="13cdc9d9-ddb5-4fa4-a97d-d965ccfc6d4b" outcome="Passed" testListId="8c84fa94-04c1-424b-9868-57a2d4851a1d" relativeResultsDirectory="1d263588-6891-4389-89f4-460d60d9d32b" />
    <UnitTestResult executionId="e8a365e2-747c-4e62-8ae5-114b3a3acf9d" testId="3b3fb1b1-dca6-3e54-f512-3b9aecd6a626" testName="PathUpdateUserTest" computerName="DESKTOP-A9M0I49" duration="00:00:00.3319160" startTime="2024-08-28T21:16:14.9786759+03:00" endTime="2024-08-28T21:16:15.3105922+03:00" testType="13cdc9d9-ddb5-4fa4-a97d-d965ccfc6d4b" outcome="Passed" testListId="8c84fa94-04c1-424b-9868-57a2d4851a1d" relativeResultsDirectory="e8a365e2-747c-4e62-8ae5-114b3a3acf9d" />
    <UnitTestResult executionId="00e51ce2-ac90-4f7c-9e22-d6237d4884ff" testId="4fc547a4-0dc3-b456-3077-e4be4c242d49" testName="GetSingleResourceNotFoundTest" computerName="DESKTOP-A9M0I49" duration="00:00:00.4188100" startTime="2024-08-28T21:16:13.1418559+03:00" endTime="2024-08-28T21:16:13.5606659+03:00" testType="13cdc9d9-ddb5-4fa4-a97d-d965ccfc6d4b" outcome="Passed" testListId="8c84fa94-04c1-424b-9868-57a2d4851a1d" relativeResultsDirectory="00e51ce2-ac90-4f7c-9e22-d6237d4884ff" />
    <UnitTestResult executionId="54a36a5c-b952-4ebe-8633-ea9d2d9e1aec" testId="33fc2bb0-955f-081f-d060-7666c667e886" testName="PostRegisterUnuccessfulTest" computerName="DESKTOP-A9M0I49" duration="00:00:00.3072470" startTime="2024-08-28T21:16:15.5891685+03:00" endTime="2024-08-28T21:16:15.8964143+03:00" testType="13cdc9d9-ddb5-4fa4-a97d-d965ccfc6d4b" outcome="Passed" testListId="8c84fa94-04c1-424b-9868-57a2d4851a1d" relativeResultsDirectory="54a36a5c-b952-4ebe-8633-ea9d2d9e1aec" />
    <UnitTestResult executionId="ea69dc2c-df3a-4d79-af10-83cae84999aa" testId="ae89d687-8d6a-3388-bad8-a10e70222453" testName="CreateUserTest" computerName="DESKTOP-A9M0I49" duration="00:00:00.4627550" startTime="2024-08-28T21:16:08.2790536+03:00" endTime="2024-08-28T21:16:08.7417162+03:00" testType="13cdc9d9-ddb5-4fa4-a97d-d965ccfc6d4b" outcome="Passed" testListId="8c84fa94-04c1-424b-9868-57a2d4851a1d" relativeResultsDirectory="ea69dc2c-df3a-4d79-af10-83cae84999aa" />
    <UnitTestResult executionId="26d392f5-a6a3-44ab-95ca-758380247150" testId="9fb244f1-b182-8743-c22c-00f9f6e8a5ce" testName="DeleteUser" computerName="DESKTOP-A9M0I49" duration="00:00:00.3714150" startTime="2024-08-28T21:16:08.7432271+03:00" endTime="2024-08-28T21:16:09.1146414+03:00" testType="13cdc9d9-ddb5-4fa4-a97d-d965ccfc6d4b" outcome="Passed" testListId="8c84fa94-04c1-424b-9868-57a2d4851a1d" relativeResultsDirectory="26d392f5-a6a3-44ab-95ca-758380247150" />
    <UnitTestResult executionId="6a37e76d-12bc-45bf-a181-e812a5751266" testId="6efdad97-d702-4eb8-7ef5-70143f9eca8c" testName="LoginUnuccessfulTest" computerName="DESKTOP-A9M0I49" duration="00:00:00.2623030" startTime="2024-08-28T21:16:14.7159222+03:00" endTime="2024-08-28T21:16:14.9782241+03:00" testType="13cdc9d9-ddb5-4fa4-a97d-d965ccfc6d4b" outcome="Passed" testListId="8c84fa94-04c1-424b-9868-57a2d4851a1d" relativeResultsDirectory="6a37e76d-12bc-45bf-a181-e812a5751266" />
    <UnitTestResult executionId="7a70923c-473d-4a90-a20d-fe9590426892" testId="d89b1db3-1da6-59cd-4047-9538139afe2a" testName="GetListUsersTest" computerName="DESKTOP-A9M0I49" duration="00:00:00.1900070" startTime="2024-08-28T21:16:12.9518011+03:00" endTime="2024-08-28T21:16:13.1417815+03:00" testType="13cdc9d9-ddb5-4fa4-a97d-d965ccfc6d4b" outcome="Passed" testListId="8c84fa94-04c1-424b-9868-57a2d4851a1d" relativeResultsDirectory="7a70923c-473d-4a90-a20d-fe9590426892" />
    <UnitTestResult executionId="0862c4e7-3536-422e-a86e-625c3e5c4cc0" testId="ad908b66-607f-44fa-ec64-07dc777ea482" testName="GetUserNotFoundTest" computerName="DESKTOP-A9M0I49" duration="00:00:00.2522490" startTime="2024-08-28T21:16:14.0018051+03:00" endTime="2024-08-28T21:16:14.2540538+03:00" testType="13cdc9d9-ddb5-4fa4-a97d-d965ccfc6d4b" outcome="Passed" testListId="8c84fa94-04c1-424b-9868-57a2d4851a1d" relativeResultsDirectory="0862c4e7-3536-422e-a86e-625c3e5c4cc0" />
    <UnitTestResult executionId="56cfa50c-c198-4eb3-9ddd-1da8fdd915b0" testId="55fff730-89a3-746f-c114-7d6edd504c6e" testName="LoginSuccefullTest" computerName="DESKTOP-A9M0I49" duration="00:00:00.3038989" startTime="2024-08-28T21:16:14.4119652+03:00" endTime="2024-08-28T21:16:14.7158633+03:00" testType="13cdc9d9-ddb5-4fa4-a97d-d965ccfc6d4b" outcome="Passed" testListId="8c84fa94-04c1-424b-9868-57a2d4851a1d" relativeResultsDirectory="56cfa50c-c198-4eb3-9ddd-1da8fdd915b0" />
    <UnitTestResult executionId="395c6c0b-4abf-4165-908c-100eb48996aa" testId="048e3379-a0b2-a66c-7e74-5aa49ae0def0" testName="PutUpdateUserTest" computerName="DESKTOP-A9M0I49" duration="00:00:00.2579450" startTime="2024-08-28T21:16:15.8964787+03:00" endTime="2024-08-28T21:16:16.1544236+03:00" testType="13cdc9d9-ddb5-4fa4-a97d-d965ccfc6d4b" outcome="Passed" testListId="8c84fa94-04c1-424b-9868-57a2d4851a1d" relativeResultsDirectory="395c6c0b-4abf-4165-908c-100eb48996aa" />
  </Results>
  <TestDefinitions>
    <UnitTest name="GetListUsersTest" storage="c:\users\1\source\repos\hw30\bin\debug\net8.0\hw30.dll" id="d89b1db3-1da6-59cd-4047-9538139afe2a">
      <Execution id="7a70923c-473d-4a90-a20d-fe9590426892" />
      <TestMethod codeBase="C:\Users\1\source\repos\HW30\bin\Debug\net8.0\HW30.dll" adapterTypeName="executor://nunit3testexecutor/" className="HW30.Tests" name="GetListUsersTest" />
    </UnitTest>
    <UnitTest name="PathUpdateUserTest" storage="c:\users\1\source\repos\hw30\bin\debug\net8.0\hw30.dll" id="3b3fb1b1-dca6-3e54-f512-3b9aecd6a626">
      <Execution id="e8a365e2-747c-4e62-8ae5-114b3a3acf9d" />
      <TestMethod codeBase="C:\Users\1\source\repos\HW30\bin\Debug\net8.0\HW30.dll" adapterTypeName="executor://nunit3testexecutor/" className="HW30.Tests" name="PathUpdateUserTest" />
    </UnitTest>
    <UnitTest name="DeleteUser" storage="c:\users\1\source\repos\hw30\bin\debug\net8.0\hw30.dll" id="9fb244f1-b182-8743-c22c-00f9f6e8a5ce">
      <Execution id="26d392f5-a6a3-44ab-95ca-758380247150" />
      <TestMethod codeBase="C:\Users\1\source\repos\HW30\bin\Debug\net8.0\HW30.dll" adapterTypeName="executor://nunit3testexecutor/" className="HW30.Tests" name="DeleteUser" />
    </UnitTest>
    <UnitTest name="GetSingleResourceNotFoundTest" storage="c:\users\1\source\repos\hw30\bin\debug\net8.0\hw30.dll" id="4fc547a4-0dc3-b456-3077-e4be4c242d49">
      <Execution id="00e51ce2-ac90-4f7c-9e22-d6237d4884ff" />
      <TestMethod codeBase="C:\Users\1\source\repos\HW30\bin\Debug\net8.0\HW30.dll" adapterTypeName="executor://nunit3testexecutor/" className="HW30.Tests" name="GetSingleResourceNotFoundTest" />
    </UnitTest>
    <UnitTest name="GetUserNotFoundTest" storage="c:\users\1\source\repos\hw30\bin\debug\net8.0\hw30.dll" id="ad908b66-607f-44fa-ec64-07dc777ea482">
      <Execution id="0862c4e7-3536-422e-a86e-625c3e5c4cc0" />
      <TestMethod codeBase="C:\Users\1\source\repos\HW30\bin\Debug\net8.0\HW30.dll" adapterTypeName="executor://nunit3testexecutor/" className="HW30.Tests" name="GetUserNotFoundTest" />
    </UnitTest>
    <UnitTest name="LoginUnuccessfulTest" storage="c:\users\1\source\repos\hw30\bin\debug\net8.0\hw30.dll" id="6efdad97-d702-4eb8-7ef5-70143f9eca8c">
      <Execution id="6a37e76d-12bc-45bf-a181-e812a5751266" />
      <TestMethod codeBase="C:\Users\1\source\repos\HW30\bin\Debug\net8.0\HW30.dll" adapterTypeName="executor://nunit3testexecutor/" className="HW30.Tests" name="LoginUnuccessfulTest" />
    </UnitTest>
    <UnitTest name="PostRegisterSuccessfulTest" storage="c:\users\1\source\repos\hw30\bin\debug\net8.0\hw30.dll" id="830fdfe5-c9b1-f5c7-cc79-d4bdbc25225e">
      <Execution id="1d263588-6891-4389-89f4-460d60d9d32b" />
      <TestMethod codeBase="C:\Users\1\source\repos\HW30\bin\Debug\net8.0\HW30.dll" adapterTypeName="executor://nunit3testexecutor/" className="HW30.Tests" name="PostRegisterSuccessfulTest" />
    </UnitTest>
    <UnitTest name="PutUpdateUserTest" storage="c:\users\1\source\repos\hw30\bin\debug\net8.0\hw30.dll" id="048e3379-a0b2-a66c-7e74-5aa49ae0def0">
      <Execution id="395c6c0b-4abf-4165-908c-100eb48996aa" />
      <TestMethod codeBase="C:\Users\1\source\repos\HW30\bin\Debug\net8.0\HW30.dll" adapterTypeName="executor://nunit3testexecutor/" className="HW30.Tests" name="PutUpdateUserTest" />
    </UnitTest>
    <UnitTest name="GetListResourceTest" storage="c:\users\1\source\repos\hw30\bin\debug\net8.0\hw30.dll" id="c116292d-73bb-d76b-aa91-b552e61e9598">
      <Execution id="aae29db5-c321-41c1-aac3-c3aefe57c7c7" />
      <TestMethod codeBase="C:\Users\1\source\repos\HW30\bin\Debug\net8.0\HW30.dll" adapterTypeName="executor://nunit3testexecutor/" className="HW30.Tests" name="GetListResourceTest" />
    </UnitTest>
    <UnitTest name="GetUserTest" storage="c:\users\1\source\repos\hw30\bin\debug\net8.0\hw30.dll" id="a7c53f27-7363-0ee3-53af-18104a03d054">
      <Execution id="78474205-77a0-478b-a386-8b79fc18dfd3" />
      <TestMethod codeBase="C:\Users\1\source\repos\HW30\bin\Debug\net8.0\HW30.dll" adapterTypeName="executor://nunit3testexecutor/" className="HW30.Tests" name="GetUserTest" />
    </UnitTest>
    <UnitTest name="CreateUserTest" storage="c:\users\1\source\repos\hw30\bin\debug\net8.0\hw30.dll" id="ae89d687-8d6a-3388-bad8-a10e70222453">
      <Execution id="ea69dc2c-df3a-4d79-af10-83cae84999aa" />
      <TestMethod codeBase="C:\Users\1\source\repos\HW30\bin\Debug\net8.0\HW30.dll" adapterTypeName="executor://nunit3testexecutor/" className="HW30.Tests" name="CreateUserTest" />
    </UnitTest>
    <UnitTest name="GetSingleResourceTest" storage="c:\users\1\source\repos\hw30\bin\debug\net8.0\hw30.dll" id="baee6a84-02a9-3677-748b-1a5cd6e627b9">
      <Execution id="0d837247-c1b1-4710-b408-97c9d0e14469" />
      <TestMethod codeBase="C:\Users\1\source\repos\HW30\bin\Debug\net8.0\HW30.dll" adapterTypeName="executor://nunit3testexecutor/" className="HW30.Tests" name="GetSingleResourceTest" />
    </UnitTest>
    <UnitTest name="GetDelayedResponseTest" storage="c:\users\1\source\repos\hw30\bin\debug\net8.0\hw30.dll" id="6bb63e11-0733-2543-92b0-f3768c938c36">
      <Execution id="ef205098-bceb-472a-b859-dee89f0ec951" />
      <TestMethod codeBase="C:\Users\1\source\repos\HW30\bin\Debug\net8.0\HW30.dll" adapterTypeName="executor://nunit3testexecutor/" className="HW30.Tests" name="GetDelayedResponseTest" />
    </UnitTest>
    <UnitTest name="PostRegisterUnuccessfulTest" storage="c:\users\1\source\repos\hw30\bin\debug\net8.0\hw30.dll" id="33fc2bb0-955f-081f-d060-7666c667e886">
      <Execution id="54a36a5c-b952-4ebe-8633-ea9d2d9e1aec" />
      <TestMethod codeBase="C:\Users\1\source\repos\HW30\bin\Debug\net8.0\HW30.dll" adapterTypeName="executor://nunit3testexecutor/" className="HW30.Tests" name="PostRegisterUnuccessfulTest" />
    </UnitTest>
    <UnitTest name="LoginSuccefullTest" storage="c:\users\1\source\repos\hw30\bin\debug\net8.0\hw30.dll" id="55fff730-89a3-746f-c114-7d6edd504c6e">
      <Execution id="56cfa50c-c198-4eb3-9ddd-1da8fdd915b0" />
      <TestMethod codeBase="C:\Users\1\source\repos\HW30\bin\Debug\net8.0\HW30.dll" adapterTypeName="executor://nunit3testexecutor/" className="HW30.Tests" name="LoginSuccefullTest" />
    </UnitTest>
  </TestDefinitions>
  <TestEntries>
    <TestEntry testId="6bb63e11-0733-2543-92b0-f3768c938c36" executionId="ef205098-bceb-472a-b859-dee89f0ec951" testListId="8c84fa94-04c1-424b-9868-57a2d4851a1d" />
    <TestEntry testId="a7c53f27-7363-0ee3-53af-18104a03d054" executionId="78474205-77a0-478b-a386-8b79fc18dfd3" testListId="8c84fa94-04c1-424b-9868-57a2d4851a1d" />
    <TestEntry testId="baee6a84-02a9-3677-748b-1a5cd6e627b9" executionId="0d837247-c1b1-4710-b408-97c9d0e14469" testListId="8c84fa94-04c1-424b-9868-57a2d4851a1d" />
    <TestEntry testId="c116292d-73bb-d76b-aa91-b552e61e9598" executionId="aae29db5-c321-41c1-aac3-c3aefe57c7c7" testListId="8c84fa94-04c1-424b-9868-57a2d4851a1d" />
    <TestEntry testId="830fdfe5-c9b1-f5c7-cc79-d4bdbc25225e" executionId="1d263588-6891-4389-89f4-460d60d9d32b" testListId="8c84fa94-04c1-424b-9868-57a2d4851a1d" />
    <TestEntry testId="3b3fb1b1-dca6-3e54-f512-3b9aecd6a626" executionId="e8a365e2-747c-4e62-8ae5-114b3a3acf9d" testListId="8c84fa94-04c1-424b-9868-57a2d4851a1d" />
    <TestEntry testId="4fc547a4-0dc3-b456-3077-e4be4c242d49" executionId="00e51ce2-ac90-4f7c-9e22-d6237d4884ff" testListId="8c84fa94-04c1-424b-9868-57a2d4851a1d" />
    <TestEntry testId="33fc2bb0-955f-081f-d060-7666c667e886" executionId="54a36a5c-b952-4ebe-8633-ea9d2d9e1aec" testListId="8c84fa94-04c1-424b-9868-57a2d4851a1d" />
    <TestEntry testId="ae89d687-8d6a-3388-bad8-a10e70222453" executionId="ea69dc2c-df3a-4d79-af10-83cae84999aa" testListId="8c84fa94-04c1-424b-9868-57a2d4851a1d" />
    <TestEntry testId="9fb244f1-b182-8743-c22c-00f9f6e8a5ce" executionId="26d392f5-a6a3-44ab-95ca-758380247150" testListId="8c84fa94-04c1-424b-9868-57a2d4851a1d" />
    <TestEntry testId="6efdad97-d702-4eb8-7ef5-70143f9eca8c" executionId="6a37e76d-12bc-45bf-a181-e812a5751266" testListId="8c84fa94-04c1-424b-9868-57a2d4851a1d" />
    <TestEntry testId="d89b1db3-1da6-59cd-4047-9538139afe2a" executionId="7a70923c-473d-4a90-a20d-fe9590426892" testListId="8c84fa94-04c1-424b-9868-57a2d4851a1d" />
    <TestEntry testId="ad908b66-607f-44fa-ec64-07dc777ea482" executionId="0862c4e7-3536-422e-a86e-625c3e5c4cc0" testListId="8c84fa94-04c1-424b-9868-57a2d4851a1d" />
    <TestEntry testId="55fff730-89a3-746f-c114-7d6edd504c6e" executionId="56cfa50c-c198-4eb3-9ddd-1da8fdd915b0" testListId="8c84fa94-04c1-424b-9868-57a2d4851a1d" />
    <TestEntry testId="048e3379-a0b2-a66c-7e74-5aa49ae0def0" executionId="395c6c0b-4abf-4165-908c-100eb48996aa" testListId="8c84fa94-04c1-424b-9868-57a2d4851a1d" />
  </TestEntries>
  <TestLists>
    <TestList name="Список результатов" id="8c84fa94-04c1-424b-9868-57a2d4851a1d" />
    <TestList name="Все загруженные результаты" id="19431567-8539-422a-85d7-44ee4e166bda" />
  </TestLists>
  <ResultSummary outcome="Completed">
    <Counters total="15" executed="15" passed="15" failed="0" error="0" timeout="0" aborted="0" inconclusive="0" passedButRunAborted="0" notRunnable="0" notExecuted="0" disconnected="0" warning="0" completed="0" inProgress="0" pending="0" />
    <Output>
      <StdOut>NUnit Adapter 4.5.0.0: Test execution started&#xD;
Running all tests in C:\Users\1\source\repos\HW30\bin\Debug\net8.0\HW30.dll&#xD;
   NUnit3TestExecutor discovered 15 of 15 NUnit test cases using Current Discovery mode, Non-Explicit run&#xD;
NUnit Adapter 4.5.0.0: Test execution complete&#xD;
</StdOut>
    </Output>
  </ResultSummary>
</TestRun>