<?xml version="1.0" encoding="utf-8"?>
<TestRun id="f185b3a7-b6be-4af0-837e-d66ee094ec9f" name="DESKTOP-A9M0I49$@DESKTOP-A9M0I49 2024-08-28 21:12:32" runUser="NT AUTHORITY\СИСТЕМА" xmlns="http://microsoft.com/schemas/VisualStudio/TeamTest/2010">
  <Times creation="2024-08-28T21:12:32.0510885+03:00" queuing="2024-08-28T21:12:32.0510890+03:00" start="2024-08-28T21:12:29.2522889+03:00" finish="2024-08-28T21:12:39.5764517+03:00" />
  <TestSettings name="default" id="e9182b37-9b17-4ba5-96db-746c3ea9b57d">
    <Deployment runDeploymentRoot="DESKTOP-A9M0I49$_DESKTOP-A9M0I49_2024-08-28_21_12_32" />
  </TestSettings>
  <Results>
    <UnitTestResult executionId="1ce5ce48-d229-4cea-abfc-62c3d09d4715" testId="4fc547a4-0dc3-b456-3077-e4be4c242d49" testName="GetSingleResourceNotFoundTest" computerName="DESKTOP-A9M0I49" duration="00:00:00.4319540" startTime="2024-08-28T21:12:36.2226079+03:00" endTime="2024-08-28T21:12:36.6545624+03:00" testType="13cdc9d9-ddb5-4fa4-a97d-d965ccfc6d4b" outcome="Passed" testListId="8c84fa94-04c1-424b-9868-57a2d4851a1d" relativeResultsDirectory="1ce5ce48-d229-4cea-abfc-62c3d09d4715" />
    <UnitTestResult executionId="43edf17d-ce8c-4e20-8ebb-05b6a4eb33df" testId="9fb244f1-b182-8743-c22c-00f9f6e8a5ce" testName="DeleteUser" computerName="DESKTOP-A9M0I49" duration="00:00:00.3924490" startTime="2024-08-28T21:12:31.0170555+03:00" endTime="2024-08-28T21:12:31.4095021+03:00" testType="13cdc9d9-ddb5-4fa4-a97d-d965ccfc6d4b" outcome="Passed" testListId="8c84fa94-04c1-424b-9868-57a2d4851a1d" relativeResultsDirectory="43edf17d-ce8c-4e20-8ebb-05b6a4eb33df" />
    <UnitTestResult executionId="af3e2176-d9cb-4241-b163-7a4a7be351e4" testId="ae89d687-8d6a-3388-bad8-a10e70222453" testName="CreateUserTest" computerName="DESKTOP-A9M0I49" duration="00:00:00.7339909" startTime="2024-08-28T21:12:30.2815638+03:00" endTime="2024-08-28T21:12:31.0154469+03:00" testType="13cdc9d9-ddb5-4fa4-a97d-d965ccfc6d4b" outcome="Passed" testListId="8c84fa94-04c1-424b-9868-57a2d4851a1d" relativeResultsDirectory="af3e2176-d9cb-4241-b163-7a4a7be351e4" />
    <UnitTestResult executionId="b3e16c1e-9fc8-4b8c-be5c-d9235614e7e2" testId="33fc2bb0-955f-081f-d060-7666c667e886" testName="PostRegisterUnuccessfulTest" computerName="DESKTOP-A9M0I49" duration="00:00:00.2037380" startTime="2024-08-28T21:12:38.9566509+03:00" endTime="2024-08-28T21:12:39.1603885+03:00" testType="13cdc9d9-ddb5-4fa4-a97d-d965ccfc6d4b" outcome="Passed" testListId="8c84fa94-04c1-424b-9868-57a2d4851a1d" relativeResultsDirectory="b3e16c1e-9fc8-4b8c-be5c-d9235614e7e2" />
    <UnitTestResult executionId="a5b1e561-bbcb-4099-8f6d-4feb73536a29" testId="6efdad97-d702-4eb8-7ef5-70143f9eca8c" testName="LoginUnuccessfulTest" computerName="DESKTOP-A9M0I49" duration="00:00:00.3078360" startTime="2024-08-28T21:12:37.7965392+03:00" endTime="2024-08-28T21:12:38.1043755+03:00" testType="13cdc9d9-ddb5-4fa4-a97d-d965ccfc6d4b" outcome="Passed" testListId="8c84fa94-04c1-424b-9868-57a2d4851a1d" relativeResultsDirectory="a5b1e561-bbcb-4099-8f6d-4feb73536a29" />
    <UnitTestResult executionId="500fb9fb-96ff-433f-9922-aee712a86529" testId="3b3fb1b1-dca6-3e54-f512-3b9aecd6a626" testName="PathUpdateUserTest" computerName="DESKTOP-A9M0I49" duration="00:00:00.3305159" startTime="2024-08-28T21:12:38.1044434+03:00" endTime="2024-08-28T21:12:38.4349586+03:00" testType="13cdc9d9-ddb5-4fa4-a97d-d965ccfc6d4b" outcome="Passed" testListId="8c84fa94-04c1-424b-9868-57a2d4851a1d" relativeResultsDirectory="500fb9fb-96ff-433f-9922-aee712a86529" />
    <UnitTestResult executionId="228e5605-9c95-4855-a1aa-e2a16ee97578" testId="048e3379-a0b2-a66c-7e74-5aa49ae0def0" testName="PutUpdateUserTest" computerName="DESKTOP-A9M0I49" duration="00:00:00.3433230" startTime="2024-08-28T21:12:39.1604423+03:00" endTime="2024-08-28T21:12:39.5037661+03:00" testType="13cdc9d9-ddb5-4fa4-a97d-d965ccfc6d4b" outcome="Passed" testListId="8c84fa94-04c1-424b-9868-57a2d4851a1d" relativeResultsDirectory="228e5605-9c95-4855-a1aa-e2a16ee97578" />
    <UnitTestResult executionId="ee17caf3-562a-4025-b7b0-9fd6548ea66c" testId="ad908b66-607f-44fa-ec64-07dc777ea482" testName="GetUserNotFoundTest" computerName="DESKTOP-A9M0I49" duration="00:00:00.2911880" startTime="2024-08-28T21:12:36.9364903+03:00" endTime="2024-08-28T21:12:37.2276772+03:00" testType="13cdc9d9-ddb5-4fa4-a97d-d965ccfc6d4b" outcome="Passed" testListId="8c84fa94-04c1-424b-9868-57a2d4851a1d" relativeResultsDirectory="ee17caf3-562a-4025-b7b0-9fd6548ea66c" />
    <UnitTestResult executionId="c2fa0c82-5cd7-4aaa-b505-ff91145fbcb2" testId="baee6a84-02a9-3677-748b-1a5cd6e627b9" testName="GetSingleResourceTest" computerName="DESKTOP-A9M0I49" duration="00:00:00.2818450" startTime="2024-08-28T21:12:36.6545997+03:00" endTime="2024-08-28T21:12:36.9364432+03:00" testType="13cdc9d9-ddb5-4fa4-a97d-d965ccfc6d4b" outcome="Passed" testListId="8c84fa94-04c1-424b-9868-57a2d4851a1d" relativeResultsDirectory="c2fa0c82-5cd7-4aaa-b505-ff91145fbcb2" />
    <UnitTestResult executionId="82c0fe94-8021-4f27-af05-65a6227b0d35" testId="c116292d-73bb-d76b-aa91-b552e61e9598" testName="GetListResourceTest" computerName="DESKTOP-A9M0I49" duration="00:00:00.2347030" startTime="2024-08-28T21:12:34.7055554+03:00" endTime="2024-08-28T21:12:34.9402581+03:00" testType="13cdc9d9-ddb5-4fa4-a97d-d965ccfc6d4b" outcome="Passed" testListId="8c84fa94-04c1-424b-9868-57a2d4851a1d" relativeResultsDirectory="82c0fe94-8021-4f27-af05-65a6227b0d35" />
    <UnitTestResult executionId="3fd2aeff-12b1-40c9-b27c-3ac9a5566099" testId="55fff730-89a3-746f-c114-7d6edd504c6e" testName="LoginSuccefullTest" computerName="DESKTOP-A9M0I49" duration="00:00:00.3332040" startTime="2024-08-28T21:12:37.4632124+03:00" endTime="2024-08-28T21:12:37.7964150+03:00" testType="13cdc9d9-ddb5-4fa4-a97d-d965ccfc6d4b" outcome="Passed" testListId="8c84fa94-04c1-424b-9868-57a2d4851a1d" relativeResultsDirectory="3fd2aeff-12b1-40c9-b27c-3ac9a5566099" />
    <UnitTestResult executionId="fbe6ee04-4ffc-4a5c-a32f-c382aacf1cc7" testId="d89b1db3-1da6-59cd-4047-9538139afe2a" testName="GetListUsersTest" computerName="DESKTOP-A9M0I49" duration="00:00:01.2822030" startTime="2024-08-28T21:12:34.9403209+03:00" endTime="2024-08-28T21:12:36.2225137+03:00" testType="13cdc9d9-ddb5-4fa4-a97d-d965ccfc6d4b" outcome="Passed" testListId="8c84fa94-04c1-424b-9868-57a2d4851a1d" relativeResultsDirectory="fbe6ee04-4ffc-4a5c-a32f-c382aacf1cc7" />
    <UnitTestResult executionId="169575aa-5d0c-408d-aac5-3b95fe7e02b4" testId="830fdfe5-c9b1-f5c7-cc79-d4bdbc25225e" testName="PostRegisterSuccessfulTest" computerName="DESKTOP-A9M0I49" duration="00:00:00.5215090" startTime="2024-08-28T21:12:38.4351009+03:00" endTime="2024-08-28T21:12:38.9566090+03:00" testType="13cdc9d9-ddb5-4fa4-a97d-d965ccfc6d4b" outcome="Passed" testListId="8c84fa94-04c1-424b-9868-57a2d4851a1d" relativeResultsDirectory="169575aa-5d0c-408d-aac5-3b95fe7e02b4" />
    <UnitTestResult executionId="3c09cccc-d28a-470f-9c43-763fcc23107c" testId="6bb63e11-0733-2543-92b0-f3768c938c36" testName="GetDelayedResponseTest" computerName="DESKTOP-A9M0I49" duration="00:00:03.2957860" startTime="2024-08-28T21:12:31.4096628+03:00" endTime="2024-08-28T21:12:34.7054492+03:00" testType="13cdc9d9-ddb5-4fa4-a97d-d965ccfc6d4b" outcome="Passed" testListId="8c84fa94-04c1-424b-9868-57a2d4851a1d" relativeResultsDirectory="3c09cccc-d28a-470f-9c43-763fcc23107c" />
    <UnitTestResult executionId="d3cc63b8-9537-45b1-9a6f-5f7f316f4958" testId="a7c53f27-7363-0ee3-53af-18104a03d054" testName="GetUserTest" computerName="DESKTOP-A9M0I49" duration="00:00:00.2354550" startTime="2024-08-28T21:12:37.2277106+03:00" endTime="2024-08-28T21:12:37.4631654+03:00" testType="13cdc9d9-ddb5-4fa4-a97d-d965ccfc6d4b" outcome="Passed" testListId="8c84fa94-04c1-424b-9868-57a2d4851a1d" relativeResultsDirectory="d3cc63b8-9537-45b1-9a6f-5f7f316f4958" />
  </Results>
  <TestDefinitions>
    <UnitTest name="GetListUsersTest" storage="c:\users\1\source\repos\hw30\bin\debug\net8.0\hw30.dll" id="d89b1db3-1da6-59cd-4047-9538139afe2a">
      <Execution id="fbe6ee04-4ffc-4a5c-a32f-c382aacf1cc7" />
      <TestMethod codeBase="C:\Users\1\source\repos\HW30\bin\Debug\net8.0\HW30.dll" adapterTypeName="executor://nunit3testexecutor/" className="HW30.Tests" name="GetListUsersTest" />
    </UnitTest>
    <UnitTest name="PathUpdateUserTest" storage="c:\users\1\source\repos\hw30\bin\debug\net8.0\hw30.dll" id="3b3fb1b1-dca6-3e54-f512-3b9aecd6a626">
      <Execution id="500fb9fb-96ff-433f-9922-aee712a86529" />
      <TestMethod codeBase="C:\Users\1\source\repos\HW30\bin\Debug\net8.0\HW30.dll" adapterTypeName="executor://nunit3testexecutor/" className="HW30.Tests" name="PathUpdateUserTest" />
    </UnitTest>
    <UnitTest name="DeleteUser" storage="c:\users\1\source\repos\hw30\bin\debug\net8.0\hw30.dll" id="9fb244f1-b182-8743-c22c-00f9f6e8a5ce">
      <Execution id="43edf17d-ce8c-4e20-8ebb-05b6a4eb33df" />
      <TestMethod codeBase="C:\Users\1\source\repos\HW30\bin\Debug\net8.0\HW30.dll" adapterTypeName="executor://nunit3testexecutor/" className="HW30.Tests" name="DeleteUser" />
    </UnitTest>
    <UnitTest name="GetSingleResourceNotFoundTest" storage="c:\users\1\source\repos\hw30\bin\debug\net8.0\hw30.dll" id="4fc547a4-0dc3-b456-3077-e4be4c242d49">
      <Execution id="1ce5ce48-d229-4cea-abfc-62c3d09d4715" />
      <TestMethod codeBase="C:\Users\1\source\repos\HW30\bin\Debug\net8.0\HW30.dll" adapterTypeName="executor://nunit3testexecutor/" className="HW30.Tests" name="GetSingleResourceNotFoundTest" />
    </UnitTest>
    <UnitTest name="GetUserNotFoundTest" storage="c:\users\1\source\repos\hw30\bin\debug\net8.0\hw30.dll" id="ad908b66-607f-44fa-ec64-07dc777ea482">
      <Execution id="ee17caf3-562a-4025-b7b0-9fd6548ea66c" />
      <TestMethod codeBase="C:\Users\1\source\repos\HW30\bin\Debug\net8.0\HW30.dll" adapterTypeName="executor://nunit3testexecutor/" className="HW30.Tests" name="GetUserNotFoundTest" />
    </UnitTest>
    <UnitTest name="LoginUnuccessfulTest" storage="c:\users\1\source\repos\hw30\bin\debug\net8.0\hw30.dll" id="6efdad97-d702-4eb8-7ef5-70143f9eca8c">
      <Execution id="a5b1e561-bbcb-4099-8f6d-4feb73536a29" />
      <TestMethod codeBase="C:\Users\1\source\repos\HW30\bin\Debug\net8.0\HW30.dll" adapterTypeName="executor://nunit3testexecutor/" className="HW30.Tests" name="LoginUnuccessfulTest" />
    </UnitTest>
    <UnitTest name="PostRegisterSuccessfulTest" storage="c:\users\1\source\repos\hw30\bin\debug\net8.0\hw30.dll" id="830fdfe5-c9b1-f5c7-cc79-d4bdbc25225e">
      <Execution id="169575aa-5d0c-408d-aac5-3b95fe7e02b4" />
      <TestMethod codeBase="C:\Users\1\source\repos\HW30\bin\Debug\net8.0\HW30.dll" adapterTypeName="executor://nunit3testexecutor/" className="HW30.Tests" name="PostRegisterSuccessfulTest" />
    </UnitTest>
    <UnitTest name="PutUpdateUserTest" storage="c:\users\1\source\repos\hw30\bin\debug\net8.0\hw30.dll" id="048e3379-a0b2-a66c-7e74-5aa49ae0def0">
      <Execution id="228e5605-9c95-4855-a1aa-e2a16ee97578" />
      <TestMethod codeBase="C:\Users\1\source\repos\HW30\bin\Debug\net8.0\HW30.dll" adapterTypeName="executor://nunit3testexecutor/" className="HW30.Tests" name="PutUpdateUserTest" />
    </UnitTest>
    <UnitTest name="GetListResourceTest" storage="c:\users\1\source\repos\hw30\bin\debug\net8.0\hw30.dll" id="c116292d-73bb-d76b-aa91-b552e61e9598">
      <Execution id="82c0fe94-8021-4f27-af05-65a6227b0d35" />
      <TestMethod codeBase="C:\Users\1\source\repos\HW30\bin\Debug\net8.0\HW30.dll" adapterTypeName="executor://nunit3testexecutor/" className="HW30.Tests" name="GetListResourceTest" />
    </UnitTest>
    <UnitTest name="GetUserTest" storage="c:\users\1\source\repos\hw30\bin\debug\net8.0\hw30.dll" id="a7c53f27-7363-0ee3-53af-18104a03d054">
      <Execution id="d3cc63b8-9537-45b1-9a6f-5f7f316f4958" />
      <TestMethod codeBase="C:\Users\1\source\repos\HW30\bin\Debug\net8.0\HW30.dll" adapterTypeName="executor://nunit3testexecutor/" className="HW30.Tests" name="GetUserTest" />
    </UnitTest>
    <UnitTest name="CreateUserTest" storage="c:\users\1\source\repos\hw30\bin\debug\net8.0\hw30.dll" id="ae89d687-8d6a-3388-bad8-a10e70222453">
      <Execution id="af3e2176-d9cb-4241-b163-7a4a7be351e4" />
      <TestMethod codeBase="C:\Users\1\source\repos\HW30\bin\Debug\net8.0\HW30.dll" adapterTypeName="executor://nunit3testexecutor/" className="HW30.Tests" name="CreateUserTest" />
    </UnitTest>
    <UnitTest name="GetSingleResourceTest" storage="c:\users\1\source\repos\hw30\bin\debug\net8.0\hw30.dll" id="baee6a84-02a9-3677-748b-1a5cd6e627b9">
      <Execution id="c2fa0c82-5cd7-4aaa-b505-ff91145fbcb2" />
      <TestMethod codeBase="C:\Users\1\source\repos\HW30\bin\Debug\net8.0\HW30.dll" adapterTypeName="executor://nunit3testexecutor/" className="HW30.Tests" name="GetSingleResourceTest" />
    </UnitTest>
    <UnitTest name="GetDelayedResponseTest" storage="c:\users\1\source\repos\hw30\bin\debug\net8.0\hw30.dll" id="6bb63e11-0733-2543-92b0-f3768c938c36">
      <Execution id="3c09cccc-d28a-470f-9c43-763fcc23107c" />
      <TestMethod codeBase="C:\Users\1\source\repos\HW30\bin\Debug\net8.0\HW30.dll" adapterTypeName="executor://nunit3testexecutor/" className="HW30.Tests" name="GetDelayedResponseTest" />
    </UnitTest>
    <UnitTest name="PostRegisterUnuccessfulTest" storage="c:\users\1\source\repos\hw30\bin\debug\net8.0\hw30.dll" id="33fc2bb0-955f-081f-d060-7666c667e886">
      <Execution id="b3e16c1e-9fc8-4b8c-be5c-d9235614e7e2" />
      <TestMethod codeBase="C:\Users\1\source\repos\HW30\bin\Debug\net8.0\HW30.dll" adapterTypeName="executor://nunit3testexecutor/" className="HW30.Tests" name="PostRegisterUnuccessfulTest" />
    </UnitTest>
    <UnitTest name="LoginSuccefullTest" storage="c:\users\1\source\repos\hw30\bin\debug\net8.0\hw30.dll" id="55fff730-89a3-746f-c114-7d6edd504c6e">
      <Execution id="3fd2aeff-12b1-40c9-b27c-3ac9a5566099" />
      <TestMethod codeBase="C:\Users\1\source\repos\HW30\bin\Debug\net8.0\HW30.dll" adapterTypeName="executor://nunit3testexecutor/" className="HW30.Tests" name="LoginSuccefullTest" />
    </UnitTest>
  </TestDefinitions>
  <TestEntries>
    <TestEntry testId="4fc547a4-0dc3-b456-3077-e4be4c242d49" executionId="1ce5ce48-d229-4cea-abfc-62c3d09d4715" testListId="8c84fa94-04c1-424b-9868-57a2d4851a1d" />
    <TestEntry testId="9fb244f1-b182-8743-c22c-00f9f6e8a5ce" executionId="43edf17d-ce8c-4e20-8ebb-05b6a4eb33df" testListId="8c84fa94-04c1-424b-9868-57a2d4851a1d" />
    <TestEntry testId="ae89d687-8d6a-3388-bad8-a10e70222453" executionId="af3e2176-d9cb-4241-b163-7a4a7be351e4" testListId="8c84fa94-04c1-424b-9868-57a2d4851a1d" />
    <TestEntry testId="33fc2bb0-955f-081f-d060-7666c667e886" executionId="b3e16c1e-9fc8-4b8c-be5c-d9235614e7e2" testListId="8c84fa94-04c1-424b-9868-57a2d4851a1d" />
    <TestEntry testId="6efdad97-d702-4eb8-7ef5-70143f9eca8c" executionId="a5b1e561-bbcb-4099-8f6d-4feb73536a29" testListId="8c84fa94-04c1-424b-9868-57a2d4851a1d" />
    <TestEntry testId="3b3fb1b1-dca6-3e54-f512-3b9aecd6a626" executionId="500fb9fb-96ff-433f-9922-aee712a86529" testListId="8c84fa94-04c1-424b-9868-57a2d4851a1d" />
    <TestEntry testId="048e3379-a0b2-a66c-7e74-5aa49ae0def0" executionId="228e5605-9c95-4855-a1aa-e2a16ee97578" testListId="8c84fa94-04c1-424b-9868-57a2d4851a1d" />
    <TestEntry testId="ad908b66-607f-44fa-ec64-07dc777ea482" executionId="ee17caf3-562a-4025-b7b0-9fd6548ea66c" testListId="8c84fa94-04c1-424b-9868-57a2d4851a1d" />
    <TestEntry testId="baee6a84-02a9-3677-748b-1a5cd6e627b9" executionId="c2fa0c82-5cd7-4aaa-b505-ff91145fbcb2" testListId="8c84fa94-04c1-424b-9868-57a2d4851a1d" />
    <TestEntry testId="c116292d-73bb-d76b-aa91-b552e61e9598" executionId="82c0fe94-8021-4f27-af05-65a6227b0d35" testListId="8c84fa94-04c1-424b-9868-57a2d4851a1d" />
    <TestEntry testId="55fff730-89a3-746f-c114-7d6edd504c6e" executionId="3fd2aeff-12b1-40c9-b27c-3ac9a5566099" testListId="8c84fa94-04c1-424b-9868-57a2d4851a1d" />
    <TestEntry testId="d89b1db3-1da6-59cd-4047-9538139afe2a" executionId="fbe6ee04-4ffc-4a5c-a32f-c382aacf1cc7" testListId="8c84fa94-04c1-424b-9868-57a2d4851a1d" />
    <TestEntry testId="830fdfe5-c9b1-f5c7-cc79-d4bdbc25225e" executionId="169575aa-5d0c-408d-aac5-3b95fe7e02b4" testListId="8c84fa94-04c1-424b-9868-57a2d4851a1d" />
    <TestEntry testId="6bb63e11-0733-2543-92b0-f3768c938c36" executionId="3c09cccc-d28a-470f-9c43-763fcc23107c" testListId="8c84fa94-04c1-424b-9868-57a2d4851a1d" />
    <TestEntry testId="a7c53f27-7363-0ee3-53af-18104a03d054" executionId="d3cc63b8-9537-45b1-9a6f-5f7f316f4958" testListId="8c84fa94-04c1-424b-9868-57a2d4851a1d" />
  </TestEntries>
  <TestLists>
    <TestList name="Список результатов" id="8c84fa94-04c1-424b-9868-57a2d4851a1d" />
    <TestList name="Все загруженные результаты" id="19431567-8539-422a-85d7-44ee4e166bda" />
  </TestLists>
  <ResultSummary outcome="Completed">
    <Counters total="15" executed="15" passed="15" failed="0" error="0" timeout="0" aborted="0" inconclusive="0" passedButRunAborted="0" notRunnable="0" notExecuted="0" disconnected="0" warning="0" completed="0" inProgress="0" pending="0" />
    <Output>
      <StdOut>NUnit Adapter 4.5.0.0: Test execution started&#xD;
Running all tests in C:\Users\1\source\repos\HW30\bin\Debug\net8.0\HW30.dll&#xD;
   NUnit3TestExecutor discovered 15 of 15 NUnit test cases using Current Discovery mode, Non-Explicit run&#xD;
NUnit Adapter 4.5.0.0: Test execution complete&#xD;
</StdOut>
    </Output>
  </ResultSummary>
</TestRun>